{
  "tokyo": [
    {
      "region": "ap-northeast-1",
      "time": "2026-02-09 01:10:43-08:00",
      "event": "DescribeTargetHealth",
      "user": "AutoScaling",
      "source": "elasticloadbalancing.amazonaws.com"
    },
    {
      "region": "ap-northeast-1",
      "time": "2026-02-09 01:10:43-08:00",
      "event": "DescribeInstanceStatus",
      "user": "AutoScaling",
      "source": "ec2.amazonaws.com"
    },
    {
      "region": "ap-northeast-1",
      "time": "2026-02-09 01:10:39-08:00",
      "event": "UpdateInstanceInformation",
      "user": "i-00f956cb0adcbc7c3",
      "source": "ssm.amazonaws.com"
    },
    {
      "region": "ap-northeast-1",
      "time": "2026-02-09 01:10:06-08:00",
      "event": "Encrypt",
      "user": null,
      "source": "kms.amazonaws.com"
    },
    {
      "region": "ap-northeast-1",
      "time": "2026-02-09 01:10:01-08:00",
      "event": "Encrypt",
      "user": null,
      "source": "kms.amazonaws.com"
    },
    {
      "region": "ap-northeast-1",
      "time": "2026-02-09 01:09:33-08:00",
      "event": "Encrypt",
      "user": null,
      "source": "kms.amazonaws.com"
    },
    {
      "region": "ap-northeast-1",
      "time": "2026-02-09 01:09:01-08:00",
      "event": "Encrypt",
      "user": null,
      "source": "kms.amazonaws.com"
    },
    {
      "region": "ap-northeast-1",
      "time": "2026-02-09 01:08:44-08:00",
      "event": "DescribeInstanceStatus",
      "user": "AutoScaling",
      "source": "ec2.amazonaws.com"
    },
    {
      "region": "ap-northeast-1",
      "time": "2026-02-09 01:08:44-08:00",
      "event": "DescribeTargetHealth",
      "user": "AutoScaling",
      "source": "elasticloadbalancing.amazonaws.com"
    },
    {
      "region": "ap-northeast-1",
      "time": "2026-02-09 01:08:32-08:00",
      "event": "UpdateInstanceInformation",
      "user": "i-0aa3a65ea4b8358ac",
      "source": "ssm.amazonaws.com"
    },
    {
      "region": "ap-northeast-1",
      "time": "2026-02-09 01:07:44-08:00",
      "event": "ListInstanceAssociations",
      "user": "i-0aa3a65ea4b8358ac",
      "source": "ssm.amazonaws.com"
    },
    {
      "region": "ap-northeast-1",
      "time": "2026-02-09 01:07:14-08:00",
      "event": "ListInstanceAssociations",
      "user": "i-00f956cb0adcbc7c3",
      "source": "ssm.amazonaws.com"
    },
    {
      "region": "ap-northeast-1",
      "time": "2026-02-09 01:06:45-08:00",
      "event": "DescribeTargetHealth",
      "user": "AutoScaling",
      "source": "elasticloadbalancing.amazonaws.com"
    },
    {
      "region": "ap-northeast-1",
      "time": "2026-02-09 01:06:45-08:00",
      "event": "DescribeInstanceStatus",
      "user": "AutoScaling",
      "source": "ec2.amazonaws.com"
    },
    {
      "region": "ap-northeast-1",
      "time": "2026-02-09 01:06:37-08:00",
      "event": "AssumeRole",
      "user": null,
      "source": "sts.amazonaws.com"
    },
    {
      "region": "ap-northeast-1",
      "time": "2026-02-09 01:05:39-08:00",
      "event": "UpdateInstanceInformation",
      "user": "i-00f956cb0adcbc7c3",
      "source": "ssm.amazonaws.com"
    },
    {
      "region": "ap-northeast-1",
      "time": "2026-02-09 01:05:06-08:00",
      "event": "Encrypt",
      "user": null,
      "source": "kms.amazonaws.com"
    },
    {
      "region": "ap-northeast-1",
      "time": "2026-02-09 01:05:01-08:00",
      "event": "Encrypt",
      "user": null,
      "source": "kms.amazonaws.com"
    },
    {
      "region": "ap-northeast-1",
      "time": "2026-02-09 01:04:46-08:00",
      "event": "DescribeTargetHealth",
      "user": "AutoScaling",
      "source": "elasticloadbalancing.amazonaws.com"
    },
    {
      "region": "ap-northeast-1",
      "time": "2026-02-09 01:04:46-08:00",
      "event": "DescribeInstanceStatus",
      "user": "AutoScaling",
      "source": "ec2.amazonaws.com"
    },
    {
      "region": "ap-northeast-1",
      "time": "2026-02-09 01:04:33-08:00",
      "event": "Encrypt",
      "user": null,
      "source": "kms.amazonaws.com"
    },
    {
      "region": "ap-northeast-1",
      "time": "2026-02-09 01:04:01-08:00",
      "event": "Encrypt",
      "user": null,
      "source": "kms.amazonaws.com"
    },
    {
      "region": "ap-northeast-1",
      "time": "2026-02-09 01:03:32-08:00",
      "event": "UpdateInstanceInformation",
      "user": "i-0aa3a65ea4b8358ac",
      "source": "ssm.amazonaws.com"
    },
    {
      "region": "ap-northeast-1",
      "time": "2026-02-09 01:02:47-08:00",
      "event": "DescribeTargetHealth",
      "user": "AutoScaling",
      "source": "elasticloadbalancing.amazonaws.com"
    },
    {
      "region": "ap-northeast-1",
      "time": "2026-02-09 01:02:46-08:00",
      "event": "DescribeInstanceStatus",
      "user": "AutoScaling",
      "source": "ec2.amazonaws.com"
    },
    {
      "region": "ap-northeast-1",
      "time": "2026-02-09 01:00:47-08:00",
      "event": "DescribeTargetHealth",
      "user": "AutoScaling",
      "source": "elasticloadbalancing.amazonaws.com"
    },
    {
      "region": "ap-northeast-1",
      "time": "2026-02-09 01:00:47-08:00",
      "event": "DescribeInstanceStatus",
      "user": "AutoScaling",
      "source": "ec2.amazonaws.com"
    },
    {
      "region": "ap-northeast-1",
      "time": "2026-02-09 01:00:39-08:00",
      "event": "UpdateInstanceInformation",
      "user": "i-00f956cb0adcbc7c3",
      "source": "ssm.amazonaws.com"
    },
    {
      "region": "ap-northeast-1",
      "time": "2026-02-09 00:58:48-08:00",
      "event": "DescribeTargetHealth",
      "user": "AutoScaling",
      "source": "elasticloadbalancing.amazonaws.com"
    },
    {
      "region": "ap-northeast-1",
      "time": "2026-02-09 00:58:48-08:00",
      "event": "DescribeInstanceStatus",
      "user": "AutoScaling",
      "source": "ec2.amazonaws.com"
    },
    {
      "region": "ap-northeast-1",
      "time": "2026-02-09 00:58:32-08:00",
      "event": "UpdateInstanceInformation",
      "user": "i-0aa3a65ea4b8358ac",
      "source": "ssm.amazonaws.com"
    },
    {
      "region": "ap-northeast-1",
      "time": "2026-02-09 00:57:42-08:00",
      "event": "ListInstanceAssociations",
      "user": "i-0aa3a65ea4b8358ac",
      "source": "ssm.amazonaws.com"
    },
    {
      "region": "ap-northeast-1",
      "time": "2026-02-09 00:57:06-08:00",
      "event": "ListInstanceAssociations",
      "user": "i-00f956cb0adcbc7c3",
      "source": "ssm.amazonaws.com"
    },
    {
      "region": "ap-northeast-1",
      "time": "2026-02-09 00:56:49-08:00",
      "event": "DescribeTargetHealth",
      "user": "AutoScaling",
      "source": "elasticloadbalancing.amazonaws.com"
    },
    {
      "region": "ap-northeast-1",
      "time": "2026-02-09 00:56:49-08:00",
      "event": "DescribeInstanceStatus",
      "user": "AutoScaling",
      "source": "ec2.amazonaws.com"
    },
    {
      "region": "ap-northeast-1",
      "time": "2026-02-09 00:55:39-08:00",
      "event": "UpdateInstanceInformation",
      "user": "i-00f956cb0adcbc7c3",
      "source": "ssm.amazonaws.com"
    },
    {
      "region": "ap-northeast-1",
      "time": "2026-02-09 00:55:01-08:00",
      "event": "Encrypt",
      "user": null,
      "source": "kms.amazonaws.com"
    },
    {
      "region": "ap-northeast-1",
      "time": "2026-02-09 00:54:50-08:00",
      "event": "DescribeInstanceStatus",
      "user": "AutoScaling",
      "source": "ec2.amazonaws.com"
    },
    {
      "region": "ap-northeast-1",
      "time": "2026-02-09 00:54:50-08:00",
      "event": "DescribeTargetHealth",
      "user": "AutoScaling",
      "source": "elasticloadbalancing.amazonaws.com"
    },
    {
      "region": "ap-northeast-1",
      "time": "2026-02-09 00:54:01-08:00",
      "event": "Encrypt",
      "user": null,
      "source": "kms.amazonaws.com"
    },
    {
      "region": "ap-northeast-1",
      "time": "2026-02-09 00:53:54-08:00",
      "event": "DescribeDBInstances",
      "user": "AWSCLI",
      "source": "rds.amazonaws.com"
    },
    {
      "region": "ap-northeast-1",
      "time": "2026-02-09 00:53:32-08:00",
      "event": "UpdateInstanceInformation",
      "user": "i-0aa3a65ea4b8358ac",
      "source": "ssm.amazonaws.com"
    },
    {
      "region": "ap-northeast-1",
      "time": "2026-02-09 00:52:51-08:00",
      "event": "DescribeTargetHealth",
      "user": "AutoScaling",
      "source": "elasticloadbalancing.amazonaws.com"
    },
    {
      "region": "ap-northeast-1",
      "time": "2026-02-09 00:52:51-08:00",
      "event": "DescribeInstanceStatus",
      "user": "AutoScaling",
      "source": "ec2.amazonaws.com"
    },
    {
      "region": "ap-northeast-1",
      "time": "2026-02-09 00:51:40-08:00",
      "event": "DescribeDBInstances",
      "user": "AWSCLI",
      "source": "rds.amazonaws.com"
    },
    {
      "region": "ap-northeast-1",
      "time": "2026-02-09 00:51:25-08:00",
      "event": "LookupEvents",
      "user": "AWSCLI",
      "source": "cloudtrail.amazonaws.com"
    },
    {
      "region": "ap-northeast-1",
      "time": "2026-02-09 00:50:52-08:00",
      "event": "DescribeInstanceStatus",
      "user": "AutoScaling",
      "source": "ec2.amazonaws.com"
    },
    {
      "region": "ap-northeast-1",
      "time": "2026-02-09 00:50:52-08:00",
      "event": "DescribeTargetHealth",
      "user": "AutoScaling",
      "source": "elasticloadbalancing.amazonaws.com"
    },
    {
      "region": "ap-northeast-1",
      "time": "2026-02-09 00:50:39-08:00",
      "event": "UpdateInstanceInformation",
      "user": "i-00f956cb0adcbc7c3",
      "source": "ssm.amazonaws.com"
    },
    {
      "region": "ap-northeast-1",
      "time": "2026-02-09 00:50:06-08:00",
      "event": "Encrypt",
      "user": null,
      "source": "kms.amazonaws.com"
    }
  ],
  "saopaulo": [
    {
      "region": "sa-east-1",
      "time": "2026-02-09 01:11:31-08:00",
      "event": "DescribeTargetHealth",
      "user": "AutoScaling",
      "source": "elasticloadbalancing.amazonaws.com"
    },
    {
      "region": "sa-east-1",
      "time": "2026-02-09 01:11:31-08:00",
      "event": "DescribeInstanceStatus",
      "user": "AutoScaling",
      "source": "ec2.amazonaws.com"
    },
    {
      "region": "sa-east-1",
      "time": "2026-02-09 01:10:47-08:00",
      "event": "AssumeRole",
      "user": null,
      "source": "sts.amazonaws.com"
    },
    {
      "region": "sa-east-1",
      "time": "2026-02-09 01:10:47-08:00",
      "event": "DescribeInstances",
      "user": "AutoScaling",
      "source": "ec2.amazonaws.com"
    },
    {
      "region": "sa-east-1",
      "time": "2026-02-09 01:09:30-08:00",
      "event": "DescribeTargetHealth",
      "user": "AutoScaling",
      "source": "elasticloadbalancing.amazonaws.com"
    },
    {
      "region": "sa-east-1",
      "time": "2026-02-09 01:09:30-08:00",
      "event": "DescribeInstanceStatus",
      "user": "AutoScaling",
      "source": "ec2.amazonaws.com"
    },
    {
      "region": "sa-east-1",
      "time": "2026-02-09 01:08:44-08:00",
      "event": "UpdateInstanceInformation",
      "user": "i-0b1ea754af74c37b1",
      "source": "ssm.amazonaws.com"
    },
    {
      "region": "sa-east-1",
      "time": "2026-02-09 01:08:26-08:00",
      "event": "UpdateInstanceInformation",
      "user": "i-00f562562d89dc1d9",
      "source": "ssm.amazonaws.com"
    },
    {
      "region": "sa-east-1",
      "time": "2026-02-09 01:08:10-08:00",
      "event": "ListInstanceAssociations",
      "user": "i-00f562562d89dc1d9",
      "source": "ssm.amazonaws.com"
    },
    {
      "region": "sa-east-1",
      "time": "2026-02-09 01:08:01-08:00",
      "event": "ListInstanceAssociations",
      "user": "i-0b1ea754af74c37b1",
      "source": "ssm.amazonaws.com"
    },
    {
      "region": "sa-east-1",
      "time": "2026-02-09 01:07:29-08:00",
      "event": "DescribeTargetHealth",
      "user": "AutoScaling",
      "source": "elasticloadbalancing.amazonaws.com"
    },
    {
      "region": "sa-east-1",
      "time": "2026-02-09 01:07:29-08:00",
      "event": "DescribeInstanceStatus",
      "user": "AutoScaling",
      "source": "ec2.amazonaws.com"
    },
    {
      "region": "sa-east-1",
      "time": "2026-02-09 01:05:28-08:00",
      "event": "DescribeTargetHealth",
      "user": "AutoScaling",
      "source": "elasticloadbalancing.amazonaws.com"
    },
    {
      "region": "sa-east-1",
      "time": "2026-02-09 01:05:28-08:00",
      "event": "DescribeInstanceStatus",
      "user": "AutoScaling",
      "source": "ec2.amazonaws.com"
    },
    {
      "region": "sa-east-1",
      "time": "2026-02-09 01:03:44-08:00",
      "event": "UpdateInstanceInformation",
      "user": "i-0b1ea754af74c37b1",
      "source": "ssm.amazonaws.com"
    },
    {
      "region": "sa-east-1",
      "time": "2026-02-09 01:03:27-08:00",
      "event": "DescribeTargetHealth",
      "user": "AutoScaling",
      "source": "elasticloadbalancing.amazonaws.com"
    },
    {
      "region": "sa-east-1",
      "time": "2026-02-09 01:03:27-08:00",
      "event": "DescribeInstanceStatus",
      "user": "AutoScaling",
      "source": "ec2.amazonaws.com"
    },
    {
      "region": "sa-east-1",
      "time": "2026-02-09 01:03:26-08:00",
      "event": "UpdateInstanceInformation",
      "user": "i-00f562562d89dc1d9",
      "source": "ssm.amazonaws.com"
    },
    {
      "region": "sa-east-1",
      "time": "2026-02-09 01:01:26-08:00",
      "event": "DescribeInstanceStatus",
      "user": "AutoScaling",
      "source": "ec2.amazonaws.com"
    },
    {
      "region": "sa-east-1",
      "time": "2026-02-09 01:01:26-08:00",
      "event": "DescribeTargetHealth",
      "user": "AutoScaling",
      "source": "elasticloadbalancing.amazonaws.com"
    },
    {
      "region": "sa-east-1",
      "time": "2026-02-09 00:59:25-08:00",
      "event": "DescribeTargetHealth",
      "user": "AutoScaling",
      "source": "elasticloadbalancing.amazonaws.com"
    },
    {
      "region": "sa-east-1",
      "time": "2026-02-09 00:59:25-08:00",
      "event": "DescribeInstanceStatus",
      "user": "AutoScaling",
      "source": "ec2.amazonaws.com"
    },
    {
      "region": "sa-east-1",
      "time": "2026-02-09 00:58:44-08:00",
      "event": "UpdateInstanceInformation",
      "user": "i-0b1ea754af74c37b1",
      "source": "ssm.amazonaws.com"
    },
    {
      "region": "sa-east-1",
      "time": "2026-02-09 00:58:26-08:00",
      "event": "UpdateInstanceInformation",
      "user": "i-00f562562d89dc1d9",
      "source": "ssm.amazonaws.com"
    },
    {
      "region": "sa-east-1",
      "time": "2026-02-09 00:58:16-08:00",
      "event": "ListInstanceAssociations",
      "user": "i-0b1ea754af74c37b1",
      "source": "ssm.amazonaws.com"
    },
    {
      "region": "sa-east-1",
      "time": "2026-02-09 00:58:13-08:00",
      "event": "ListInstanceAssociations",
      "user": "i-00f562562d89dc1d9",
      "source": "ssm.amazonaws.com"
    },
    {
      "region": "sa-east-1",
      "time": "2026-02-09 00:57:24-08:00",
      "event": "DescribeInstanceStatus",
      "user": "AutoScaling",
      "source": "ec2.amazonaws.com"
    },
    {
      "region": "sa-east-1",
      "time": "2026-02-09 00:57:24-08:00",
      "event": "DescribeTargetHealth",
      "user": "AutoScaling",
      "source": "elasticloadbalancing.amazonaws.com"
    },
    {
      "region": "sa-east-1",
      "time": "2026-02-09 00:55:23-08:00",
      "event": "DescribeTargetHealth",
      "user": "AutoScaling",
      "source": "elasticloadbalancing.amazonaws.com"
    },
    {
      "region": "sa-east-1",
      "time": "2026-02-09 00:55:23-08:00",
      "event": "DescribeInstanceStatus",
      "user": "AutoScaling",
      "source": "ec2.amazonaws.com"
    },
    {
      "region": "sa-east-1",
      "time": "2026-02-09 00:53:56-08:00",
      "event": "DescribeDBInstances",
      "user": "AWSCLI",
      "source": "rds.amazonaws.com"
    },
    {
      "region": "sa-east-1",
      "time": "2026-02-09 00:53:44-08:00",
      "event": "UpdateInstanceInformation",
      "user": "i-0b1ea754af74c37b1",
      "source": "ssm.amazonaws.com"
    },
    {
      "region": "sa-east-1",
      "time": "2026-02-09 00:53:26-08:00",
      "event": "UpdateInstanceInformation",
      "user": "i-00f562562d89dc1d9",
      "source": "ssm.amazonaws.com"
    },
    {
      "region": "sa-east-1",
      "time": "2026-02-09 00:53:22-08:00",
      "event": "DescribeTargetHealth",
      "user": "AutoScaling",
      "source": "elasticloadbalancing.amazonaws.com"
    },
    {
      "region": "sa-east-1",
      "time": "2026-02-09 00:53:22-08:00",
      "event": "DescribeInstanceStatus",
      "user": "AutoScaling",
      "source": "ec2.amazonaws.com"
    },
    {
      "region": "sa-east-1",
      "time": "2026-02-09 00:51:41-08:00",
      "event": "DescribeDBInstances",
      "user": "AWSCLI",
      "source": "rds.amazonaws.com"
    },
    {
      "region": "sa-east-1",
      "time": "2026-02-09 00:51:27-08:00",
      "event": "LookupEvents",
      "user": "AWSCLI",
      "source": "cloudtrail.amazonaws.com"
    },
    {
      "region": "sa-east-1",
      "time": "2026-02-09 00:51:21-08:00",
      "event": "DescribeInstanceStatus",
      "user": "AutoScaling",
      "source": "ec2.amazonaws.com"
    },
    {
      "region": "sa-east-1",
      "time": "2026-02-09 00:51:21-08:00",
      "event": "AssumeRole",
      "user": null,
      "source": "sts.amazonaws.com"
    },
    {
      "region": "sa-east-1",
      "time": "2026-02-09 00:51:21-08:00",
      "event": "DescribeTargetHealth",
      "user": "AutoScaling",
      "source": "elasticloadbalancing.amazonaws.com"
    },
    {
      "region": "sa-east-1",
      "time": "2026-02-09 00:49:20-08:00",
      "event": "DescribeInstanceStatus",
      "user": "AutoScaling",
      "source": "ec2.amazonaws.com"
    },
    {
      "region": "sa-east-1",
      "time": "2026-02-09 00:49:20-08:00",
      "event": "DescribeTargetHealth",
      "user": "AutoScaling",
      "source": "elasticloadbalancing.amazonaws.com"
    },
    {
      "region": "sa-east-1",
      "time": "2026-02-09 00:48:44-08:00",
      "event": "UpdateInstanceInformation",
      "user": "i-0b1ea754af74c37b1",
      "source": "ssm.amazonaws.com"
    },
    {
      "region": "sa-east-1",
      "time": "2026-02-09 00:48:26-08:00",
      "event": "UpdateInstanceInformation",
      "user": "i-00f562562d89dc1d9",
      "source": "ssm.amazonaws.com"
    },
    {
      "region": "sa-east-1",
      "time": "2026-02-09 00:47:57-08:00",
      "event": "ListInstanceAssociations",
      "user": "i-0b1ea754af74c37b1",
      "source": "ssm.amazonaws.com"
    },
    {
      "region": "sa-east-1",
      "time": "2026-02-09 00:47:53-08:00",
      "event": "ListInstanceAssociations",
      "user": "i-00f562562d89dc1d9",
      "source": "ssm.amazonaws.com"
    },
    {
      "region": "sa-east-1",
      "time": "2026-02-09 00:47:47-08:00",
      "event": "UpdateInstanceInformation",
      "user": "i-0b1ea754af74c37b1",
      "source": "ssm.amazonaws.com"
    },
    {
      "region": "sa-east-1",
      "time": "2026-02-09 00:47:47-08:00",
      "event": "UpdateInstanceInformation",
      "user": "i-00f562562d89dc1d9",
      "source": "ssm.amazonaws.com"
    },
    {
      "region": "sa-east-1",
      "time": "2026-02-09 00:47:19-08:00",
      "event": "DescribeTargetHealth",
      "user": "AutoScaling",
      "source": "elasticloadbalancing.amazonaws.com"
    },
    {
      "region": "sa-east-1",
      "time": "2026-02-09 00:47:19-08:00",
      "event": "DescribeInstanceStatus",
      "user": "AutoScaling",
      "source": "ec2.amazonaws.com"
    }
  ]
}
